{"/Users/nandanrao/Documents/Relink/copper/lib/BufferStream.spec.js":{"path":"/Users/nandanrao/Documents/Relink/copper/lib/BufferStream.spec.js","s":{"1":1,"2":1,"3":1,"4":1,"5":1,"6":1,"7":1,"8":1,"9":1,"10":1,"11":1,"12":1,"13":1,"14":1,"15":1,"16":1,"17":1,"18":5,"19":1,"20":1,"21":1,"22":1,"23":1,"24":4,"25":1,"26":1,"27":1,"28":1,"29":1,"30":1,"31":1,"32":1,"33":1,"34":1,"35":1,"36":1,"37":1},"b":{},"f":{"1":1,"2":2,"3":5},"fnMap":{"1":{"name":"SourceStream","line":14,"loc":{"start":{"line":14,"column":2},"end":{"line":14,"column":34}}},"2":{"name":"(anonymous_2)","line":17,"loc":{"start":{"line":17,"column":33},"end":{"line":17,"column":45}}},"3":{"name":"(anonymous_3)","line":26,"loc":{"start":{"line":26,"column":20},"end":{"line":26,"column":32}}}},"statementMap":{"1":{"start":{"line":1,"column":0},"end":{"line":1,"column":27}},"2":{"start":{"line":2,"column":0},"end":{"line":2,"column":32}},"3":{"start":{"line":3,"column":0},"end":{"line":3,"column":25}},"4":{"start":{"line":4,"column":0},"end":{"line":4,"column":29}},"5":{"start":{"line":5,"column":0},"end":{"line":5,"column":26}},"6":{"start":{"line":6,"column":0},"end":{"line":6,"column":31}},"7":{"start":{"line":7,"column":0},"end":{"line":7,"column":50}},"8":{"start":{"line":8,"column":0},"end":{"line":8,"column":45}},"9":{"start":{"line":10,"column":0},"end":{"line":66,"column":3}},"10":{"start":{"line":13,"column":2},"end":{"line":13,"column":58}},"11":{"start":{"line":14,"column":2},"end":{"line":16,"column":3}},"12":{"start":{"line":15,"column":4},"end":{"line":15,"column":40}},"13":{"start":{"line":17,"column":2},"end":{"line":18,"column":4}},"14":{"start":{"line":20,"column":2},"end":{"line":22,"column":4}},"15":{"start":{"line":24,"column":2},"end":{"line":65,"column":5}},"16":{"start":{"line":25,"column":4},"end":{"line":25,"column":21}},"17":{"start":{"line":26,"column":4},"end":{"line":28,"column":6}},"18":{"start":{"line":27,"column":6},"end":{"line":27,"column":28}},"19":{"start":{"line":30,"column":4},"end":{"line":30,"column":48}},"20":{"start":{"line":31,"column":4},"end":{"line":31,"column":44}},"21":{"start":{"line":32,"column":4},"end":{"line":32,"column":53}},"22":{"start":{"line":33,"column":4},"end":{"line":33,"column":22}},"23":{"start":{"line":35,"column":4},"end":{"line":37,"column":6}},"24":{"start":{"line":36,"column":6},"end":{"line":36,"column":24}},"25":{"start":{"line":39,"column":4},"end":{"line":39,"column":16}},"26":{"start":{"line":40,"column":4},"end":{"line":40,"column":16}},"27":{"start":{"line":41,"column":4},"end":{"line":64,"column":7}},"28":{"start":{"line":45,"column":6},"end":{"line":45,"column":42}},"29":{"start":{"line":46,"column":6},"end":{"line":46,"column":20}},"30":{"start":{"line":47,"column":6},"end":{"line":47,"column":18}},"31":{"start":{"line":48,"column":6},"end":{"line":48,"column":18}},"32":{"start":{"line":49,"column":6},"end":{"line":63,"column":9}},"33":{"start":{"line":53,"column":8},"end":{"line":53,"column":44}},"34":{"start":{"line":54,"column":8},"end":{"line":54,"column":21}},"35":{"start":{"line":59,"column":8},"end":{"line":62,"column":14}},"36":{"start":{"line":60,"column":10},"end":{"line":60,"column":52}},"37":{"start":{"line":61,"column":10},"end":{"line":61,"column":17}}},"branchMap":{}},"/Users/nandanrao/Documents/Relink/copper/lib/BufferStream.js":{"path":"/Users/nandanrao/Documents/Relink/copper/lib/BufferStream.js","s":{"1":1,"2":1,"3":1,"4":1,"5":1,"6":1,"7":1,"8":1,"9":1,"10":1,"11":5,"12":1,"13":1,"14":4,"15":1},"b":{"1":[0,1],"2":[1,4]},"f":{"1":1,"2":5},"fnMap":{"1":{"name":"BufferStream","line":16,"loc":{"start":{"line":16,"column":0},"end":{"line":16,"column":51}}},"2":{"name":"(anonymous_2)","line":24,"loc":{"start":{"line":24,"column":36},"end":{"line":24,"column":68}}}},"statementMap":{"1":{"start":{"line":1,"column":0},"end":{"line":1,"column":26}},"2":{"start":{"line":2,"column":0},"end":{"line":2,"column":27}},"3":{"start":{"line":3,"column":0},"end":{"line":3,"column":44}},"4":{"start":{"line":4,"column":0},"end":{"line":4,"column":39}},"5":{"start":{"line":16,"column":0},"end":{"line":21,"column":1}},"6":{"start":{"line":17,"column":2},"end":{"line":17,"column":51}},"7":{"start":{"line":18,"column":2},"end":{"line":18,"column":32}},"8":{"start":{"line":19,"column":2},"end":{"line":19,"column":54}},"9":{"start":{"line":20,"column":2},"end":{"line":20,"column":29}},"10":{"start":{"line":24,"column":0},"end":{"line":29,"column":2}},"11":{"start":{"line":25,"column":2},"end":{"line":27,"column":3}},"12":{"start":{"line":26,"column":4},"end":{"line":26,"column":81}},"13":{"start":{"line":26,"column":28},"end":{"line":26,"column":65}},"14":{"start":{"line":28,"column":2},"end":{"line":28,"column":19}},"15":{"start":{"line":31,"column":0},"end":{"line":31,"column":30}}},"branchMap":{"1":{"line":19,"type":"cond-expr","locations":[{"start":{"line":19,"column":40},"end":{"line":19,"column":43}},{"start":{"line":19,"column":46},"end":{"line":19,"column":53}}]},"2":{"line":25,"type":"if","locations":[{"start":{"line":25,"column":2},"end":{"line":25,"column":2}},{"start":{"line":25,"column":2},"end":{"line":25,"column":2}}]}}},"/Users/nandanrao/Documents/Relink/copper/lib/fanout.spec.js":{"path":"/Users/nandanrao/Documents/Relink/copper/lib/fanout.spec.js","s":{"1":1,"2":1,"3":1,"4":1,"5":1,"6":1,"7":1,"8":1,"9":1,"10":1,"11":1,"12":1,"13":1,"14":1,"15":1,"16":1,"17":1,"18":1,"19":1,"20":1,"21":1,"22":3,"23":1,"24":1,"25":1,"26":1,"27":1,"28":1,"29":1,"30":1,"31":1,"32":1,"33":1,"34":3,"35":1,"36":1,"37":1,"38":1,"39":1,"40":1,"41":1,"42":12,"43":0,"44":12,"45":12,"46":0,"47":1,"48":12,"49":12,"50":1,"51":11,"52":1,"53":12,"54":1,"55":1,"56":12,"57":11,"58":1,"59":1,"60":1,"61":1,"62":1,"63":1,"64":1,"65":1,"66":1,"67":1,"68":1,"69":1,"70":1,"71":1,"72":1,"73":1,"74":1,"75":1,"76":6,"77":1,"78":1,"79":1,"80":1,"81":1},"b":{"1":[0,12],"2":[11,1]},"f":{"1":12,"2":12},"fnMap":{"1":{"name":"emit","line":60,"loc":{"start":{"line":60,"column":6},"end":{"line":60,"column":31}}},"2":{"name":"reader","line":77,"loc":{"start":{"line":77,"column":6},"end":{"line":77,"column":25}}}},"statementMap":{"1":{"start":{"line":1,"column":0},"end":{"line":1,"column":27}},"2":{"start":{"line":2,"column":0},"end":{"line":2,"column":32}},"3":{"start":{"line":3,"column":0},"end":{"line":3,"column":25}},"4":{"start":{"line":4,"column":0},"end":{"line":4,"column":29}},"5":{"start":{"line":5,"column":0},"end":{"line":5,"column":26}},"6":{"start":{"line":6,"column":0},"end":{"line":6,"column":31}},"7":{"start":{"line":7,"column":0},"end":{"line":7,"column":50}},"8":{"start":{"line":8,"column":0},"end":{"line":8,"column":32}},"9":{"start":{"line":11,"column":0},"end":{"line":137,"column":3}},"10":{"start":{"line":13,"column":2},"end":{"line":136,"column":4}},"11":{"start":{"line":15,"column":4},"end":{"line":48,"column":7}},"12":{"start":{"line":16,"column":6},"end":{"line":16,"column":94}},"13":{"start":{"line":17,"column":6},"end":{"line":17,"column":43}},"14":{"start":{"line":18,"column":6},"end":{"line":18,"column":28}},"15":{"start":{"line":19,"column":6},"end":{"line":19,"column":28}},"16":{"start":{"line":21,"column":6},"end":{"line":21,"column":40}},"17":{"start":{"line":22,"column":6},"end":{"line":22,"column":41}},"18":{"start":{"line":24,"column":6},"end":{"line":24,"column":22}},"19":{"start":{"line":26,"column":6},"end":{"line":26,"column":16}},"20":{"start":{"line":27,"column":6},"end":{"line":27,"column":26}},"21":{"start":{"line":28,"column":6},"end":{"line":28,"column":55}},"22":{"start":{"line":28,"column":23},"end":{"line":28,"column":55}},"23":{"start":{"line":30,"column":6},"end":{"line":30,"column":62}},"24":{"start":{"line":31,"column":6},"end":{"line":31,"column":45}},"25":{"start":{"line":32,"column":6},"end":{"line":32,"column":46}},"26":{"start":{"line":33,"column":6},"end":{"line":33,"column":47}},"27":{"start":{"line":35,"column":6},"end":{"line":47,"column":8}},"28":{"start":{"line":38,"column":8},"end":{"line":38,"column":47}},"29":{"start":{"line":39,"column":8},"end":{"line":39,"column":48}},"30":{"start":{"line":40,"column":8},"end":{"line":40,"column":49}},"31":{"start":{"line":41,"column":8},"end":{"line":41,"column":18}},"32":{"start":{"line":42,"column":8},"end":{"line":42,"column":29}},"33":{"start":{"line":43,"column":8},"end":{"line":43,"column":53}},"34":{"start":{"line":43,"column":24},"end":{"line":43,"column":53}},"35":{"start":{"line":45,"column":8},"end":{"line":45,"column":51}},"36":{"start":{"line":46,"column":8},"end":{"line":46,"column":15}},"37":{"start":{"line":50,"column":4},"end":{"line":135,"column":6}},"38":{"start":{"line":56,"column":6},"end":{"line":56,"column":40}},"39":{"start":{"line":57,"column":6},"end":{"line":57,"column":24}},"40":{"start":{"line":58,"column":6},"end":{"line":58,"column":16}},"41":{"start":{"line":60,"column":6},"end":{"line":66,"column":7}},"42":{"start":{"line":61,"column":8},"end":{"line":61,"column":27}},"43":{"start":{"line":61,"column":20},"end":{"line":61,"column":27}},"44":{"start":{"line":62,"column":8},"end":{"line":62,"column":35}},"45":{"start":{"line":63,"column":8},"end":{"line":65,"column":15}},"46":{"start":{"line":64,"column":10},"end":{"line":64,"column":24}},"47":{"start":{"line":68,"column":6},"end":{"line":71,"column":8}},"48":{"start":{"line":69,"column":8},"end":{"line":69,"column":23}},"49":{"start":{"line":70,"column":8},"end":{"line":70,"column":23}},"50":{"start":{"line":73,"column":6},"end":{"line":75,"column":8}},"51":{"start":{"line":74,"column":8},"end":{"line":74,"column":22}},"52":{"start":{"line":77,"column":6},"end":{"line":79,"column":7}},"53":{"start":{"line":78,"column":8},"end":{"line":78,"column":32}},"54":{"start":{"line":81,"column":6},"end":{"line":81,"column":88}},"55":{"start":{"line":83,"column":6},"end":{"line":87,"column":9}},"56":{"start":{"line":84,"column":8},"end":{"line":86,"column":9}},"57":{"start":{"line":85,"column":10},"end":{"line":85,"column":33}},"58":{"start":{"line":93,"column":6},"end":{"line":93,"column":43}},"59":{"start":{"line":94,"column":6},"end":{"line":94,"column":28}},"60":{"start":{"line":95,"column":6},"end":{"line":95,"column":28}},"61":{"start":{"line":97,"column":6},"end":{"line":97,"column":43}},"62":{"start":{"line":98,"column":6},"end":{"line":98,"column":43}},"63":{"start":{"line":100,"column":6},"end":{"line":100,"column":40}},"64":{"start":{"line":101,"column":6},"end":{"line":101,"column":42}},"65":{"start":{"line":102,"column":6},"end":{"line":102,"column":44}},"66":{"start":{"line":104,"column":6},"end":{"line":104,"column":35}},"67":{"start":{"line":106,"column":6},"end":{"line":107,"column":19}},"68":{"start":{"line":110,"column":6},"end":{"line":110,"column":45}},"69":{"start":{"line":112,"column":6},"end":{"line":134,"column":8}},"70":{"start":{"line":116,"column":8},"end":{"line":116,"column":49}},"71":{"start":{"line":117,"column":8},"end":{"line":117,"column":48}},"72":{"start":{"line":118,"column":8},"end":{"line":118,"column":47}},"73":{"start":{"line":121,"column":8},"end":{"line":121,"column":28}},"74":{"start":{"line":122,"column":8},"end":{"line":122,"column":18}},"75":{"start":{"line":123,"column":8},"end":{"line":123,"column":53}},"76":{"start":{"line":123,"column":25},"end":{"line":123,"column":53}},"77":{"start":{"line":124,"column":8},"end":{"line":124,"column":56}},"78":{"start":{"line":129,"column":8},"end":{"line":129,"column":50}},"79":{"start":{"line":130,"column":8},"end":{"line":130,"column":49}},"80":{"start":{"line":131,"column":8},"end":{"line":131,"column":47}},"81":{"start":{"line":133,"column":8},"end":{"line":133,"column":15}}},"branchMap":{"1":{"line":61,"type":"if","locations":[{"start":{"line":61,"column":8},"end":{"line":61,"column":8}},{"start":{"line":61,"column":8},"end":{"line":61,"column":8}}]},"2":{"line":84,"type":"if","locations":[{"start":{"line":84,"column":8},"end":{"line":84,"column":8}},{"start":{"line":84,"column":8},"end":{"line":84,"column":8}}]}}},"/Users/nandanrao/Documents/Relink/copper/lib/fanout.js":{"path":"/Users/nandanrao/Documents/Relink/copper/lib/fanout.js","s":{"1":1,"2":1,"3":1,"4":2,"5":2,"6":2,"7":0,"8":0,"9":0,"10":2,"11":7,"12":2,"13":11,"14":7,"15":4,"16":0,"17":2,"18":0,"19":0,"20":2,"21":1},"b":{"1":[0,0],"2":[7,4],"3":[0,2]},"f":{"1":2},"fnMap":{"1":{"name":"createStreams","line":33,"loc":{"start":{"line":33,"column":0},"end":{"line":33,"column":34}}}},"statementMap":{"1":{"start":{"line":1,"column":0},"end":{"line":1,"column":31}},"2":{"start":{"line":2,"column":0},"end":{"line":2,"column":26}},"3":{"start":{"line":33,"column":0},"end":{"line":73,"column":1}},"4":{"start":{"line":34,"column":2},"end":{"line":34,"column":20}},"5":{"start":{"line":35,"column":2},"end":{"line":35,"column":20}},"6":{"start":{"line":37,"column":2},"end":{"line":45,"column":5}},"7":{"start":{"line":40,"column":6},"end":{"line":42,"column":7}},"8":{"start":{"line":41,"column":8},"end":{"line":41,"column":24}},"9":{"start":{"line":43,"column":6},"end":{"line":43,"column":10}},"10":{"start":{"line":47,"column":2},"end":{"line":50,"column":4}},"11":{"start":{"line":49,"column":16},"end":{"line":49,"column":22}},"12":{"start":{"line":52,"column":2},"end":{"line":62,"column":5}},"13":{"start":{"line":56,"column":6},"end":{"line":58,"column":7}},"14":{"start":{"line":57,"column":8},"end":{"line":57,"column":24}},"15":{"start":{"line":59,"column":6},"end":{"line":59,"column":10}},"16":{"start":{"line":61,"column":16},"end":{"line":61,"column":22}},"17":{"start":{"line":64,"column":2},"end":{"line":67,"column":3}},"18":{"start":{"line":65,"column":4},"end":{"line":65,"column":24}},"19":{"start":{"line":66,"column":4},"end":{"line":66,"column":15}},"20":{"start":{"line":68,"column":2},"end":{"line":72,"column":3}},"21":{"start":{"line":75,"column":0},"end":{"line":77,"column":2}}},"branchMap":{"1":{"line":40,"type":"if","locations":[{"start":{"line":40,"column":6},"end":{"line":40,"column":6}},{"start":{"line":40,"column":6},"end":{"line":40,"column":6}}]},"2":{"line":56,"type":"if","locations":[{"start":{"line":56,"column":6},"end":{"line":56,"column":6}},{"start":{"line":56,"column":6},"end":{"line":56,"column":6}}]},"3":{"line":64,"type":"if","locations":[{"start":{"line":64,"column":2},"end":{"line":64,"column":2}},{"start":{"line":64,"column":2},"end":{"line":64,"column":2}}]}}}}