TN:
SF:/Users/nandanrao/Documents/Relink/copper/lib/BufferStream.spec.js
FN:14,SourceStream
FN:17,(anonymous_2)
FN:26,(anonymous_3)
FNF:3
FNH:3
FNDA:1,SourceStream
FNDA:2,(anonymous_2)
FNDA:5,(anonymous_3)
DA:1,1
DA:2,1
DA:3,1
DA:4,1
DA:5,1
DA:6,1
DA:7,1
DA:8,1
DA:10,1
DA:13,1
DA:14,1
DA:15,1
DA:17,1
DA:20,1
DA:24,1
DA:25,1
DA:26,1
DA:27,5
DA:30,1
DA:31,1
DA:32,1
DA:33,1
DA:35,1
DA:36,4
DA:39,1
DA:40,1
DA:41,1
DA:45,1
DA:46,1
DA:47,1
DA:48,1
DA:49,1
DA:53,1
DA:54,1
DA:59,1
DA:60,1
DA:61,1
LF:37
LH:37
BRF:0
BRH:0
end_of_record
TN:
SF:/Users/nandanrao/Documents/Relink/copper/lib/BufferStream.js
FN:16,BufferStream
FN:24,(anonymous_2)
FNF:2
FNH:2
FNDA:1,BufferStream
FNDA:5,(anonymous_2)
DA:1,1
DA:2,1
DA:3,1
DA:4,1
DA:16,1
DA:17,1
DA:18,1
DA:19,1
DA:20,1
DA:24,1
DA:25,5
DA:26,1
DA:28,4
DA:31,1
LF:14
LH:14
BRDA:19,1,0,0
BRDA:19,1,1,1
BRDA:25,2,0,1
BRDA:25,2,1,4
BRF:4
BRH:3
end_of_record
TN:
SF:/Users/nandanrao/Documents/Relink/copper/lib/fanout.spec.js
FN:60,emit
FN:77,reader
FNF:2
FNH:2
FNDA:12,emit
FNDA:12,reader
DA:1,1
DA:2,1
DA:3,1
DA:4,1
DA:5,1
DA:6,1
DA:7,1
DA:8,1
DA:11,1
DA:13,1
DA:15,1
DA:16,1
DA:17,1
DA:18,1
DA:19,1
DA:21,1
DA:22,1
DA:24,1
DA:26,1
DA:27,1
DA:28,3
DA:30,1
DA:31,1
DA:32,1
DA:33,1
DA:35,1
DA:38,1
DA:39,1
DA:40,1
DA:41,1
DA:42,1
DA:43,3
DA:45,1
DA:46,1
DA:50,1
DA:56,1
DA:57,1
DA:58,1
DA:60,1
DA:61,12
DA:62,12
DA:63,12
DA:64,0
DA:68,1
DA:69,12
DA:70,12
DA:73,1
DA:74,11
DA:77,1
DA:78,12
DA:81,1
DA:83,1
DA:84,12
DA:85,11
DA:93,1
DA:94,1
DA:95,1
DA:97,1
DA:98,1
DA:100,1
DA:101,1
DA:102,1
DA:104,1
DA:106,1
DA:110,1
DA:112,1
DA:116,1
DA:117,1
DA:118,1
DA:121,1
DA:122,1
DA:123,6
DA:124,1
DA:129,1
DA:130,1
DA:131,1
DA:133,1
LF:77
LH:76
BRDA:61,1,0,0
BRDA:61,1,1,12
BRDA:84,2,0,11
BRDA:84,2,1,1
BRF:4
BRH:3
end_of_record
TN:
SF:/Users/nandanrao/Documents/Relink/copper/lib/fanout.js
FN:33,createStreams
FNF:1
FNH:1
FNDA:2,createStreams
DA:1,1
DA:2,1
DA:33,1
DA:34,2
DA:35,2
DA:37,2
DA:40,0
DA:41,0
DA:43,0
DA:47,2
DA:49,7
DA:52,2
DA:56,11
DA:57,7
DA:59,4
DA:61,0
DA:64,2
DA:65,0
DA:66,0
DA:68,2
DA:75,1
LF:21
LH:15
BRDA:40,1,0,0
BRDA:40,1,1,0
BRDA:56,2,0,7
BRDA:56,2,1,4
BRDA:64,3,0,0
BRDA:64,3,1,2
BRF:6
BRH:3
end_of_record
